npm WARN EBADENGINE Unsupported engine {
npm WARN EBADENGINE   package: 'serve@14.2.1',
npm WARN EBADENGINE   required: { node: '>= 14' },
npm WARN EBADENGINE   current: { node: 'v12.22.9', npm: '8.5.1' }
npm WARN EBADENGINE }
npm WARN EBADENGINE Unsupported engine {
npm WARN EBADENGINE   package: 'boxen@7.0.0',
npm WARN EBADENGINE   required: { node: '>=14.16' },
npm WARN EBADENGINE   current: { node: 'v12.22.9', npm: '8.5.1' }
npm WARN EBADENGINE }
npm WARN EBADENGINE Unsupported engine {
npm WARN EBADENGINE   package: 'camelcase@7.0.1',
npm WARN EBADENGINE   required: { node: '>=14.16' },
npm WARN EBADENGINE   current: { node: 'v12.22.9', npm: '8.5.1' }
npm WARN EBADENGINE }
npm WARN EBADENGINE Unsupported engine {
npm WARN EBADENGINE   package: 'serve@14.2.1',
npm WARN EBADENGINE   required: { node: '>= 14' },
npm WARN EBADENGINE   current: { node: 'v12.22.9', npm: '8.5.1' }
npm WARN EBADENGINE }
npm WARN EBADENGINE Unsupported engine {
npm WARN EBADENGINE   package: 'boxen@7.0.0',
npm WARN EBADENGINE   required: { node: '>=14.16' },
npm WARN EBADENGINE   current: { node: 'v12.22.9', npm: '8.5.1' }
npm WARN EBADENGINE }
npm WARN EBADENGINE Unsupported engine {
npm WARN EBADENGINE   package: 'camelcase@7.0.1',
npm WARN EBADENGINE   required: { node: '>=14.16' },
npm WARN EBADENGINE   current: { node: 'v12.22.9', npm: '8.5.1' }
npm WARN EBADENGINE }
